#
# A fatal error has been detected by the Java Runtime Environment:
#
#  SIGSEGV (0xb) at pc=0x00007f9b305be1a9, pid=15838, tid=15860
#
# JRE version: OpenJDK Runtime Environment (11.0.4+11) (build 11.0.4+11-post-Ubuntu-1ubuntu218.04.3)
# Java VM: OpenJDK 64-Bit Server VM (11.0.4+11-post-Ubuntu-1ubuntu218.04.3, mixed mode, sharing, tiered, compressed oops, g1 gc, linux-amd64)
# Problematic frame:
# V  [libjvm.so+0xd2b1a9]
#
# Core dump will be written. Default location: Core dumps may be processed with "/usr/share/apport/apport %p %s %c %d %P" (or dumping to /home/usuario/Git/Programacion/I.E. 2.1. (Boletín 2)/core.15838)
#
# If you would like to submit a bug report, please visit:
#   https://bugs.launchpad.net/ubuntu/+source/openjdk-lts
#

---------------  S U M M A R Y ------------

Command Line: -agentlib:jdwp=transport=dt_socket,suspend=y,address=localhost:43991 -javaagent:/home/usuario/.eclipse/360744294_linux_gtk_x86_64/configuration/org.eclipse.osgi/219/0/.cp/lib/javaagent-shaded.jar -Dfile.encoding=UTF-8 main.main_Empleado

Host: Intel(R) Celeron(R) CPU  J1900  @ 1.99GHz, 4 cores, 3G, Ubuntu 18.04.3 LTS
Time: Wed Nov 13 10:19:32 2019 CET elapsed time: 2816 seconds (0d 0h 46m 56s)

---------------  T H R E A D  ---------------

Current thread (0x00007f9b28184000):  JavaThread "JDWP Transport Listener: dt_socket" daemon [_thread_in_vm, id=15860, stack(0x00007f9aeb4a2000,0x00007f9aeb5a3000)] _threads_hazard_ptr=0x00007f9b28211c30

Stack: [0x00007f9aeb4a2000,0x00007f9aeb5a3000],  sp=0x00007f9aeb5a1620,  free space=1021k
Native frames: (J=compiled Java code, A=aot compiled Java code, j=interpreted, Vv=VM code, C=native code)
V  [libjvm.so+0xd2b1a9]
V  [libjvm.so+0x9d0c30]
V  [libjvm.so+0xdebe44]
V  [libjvm.so+0x9aedfc]
V  [libjvm.so+0x968fe8]
C  [libjdwp.so+0x90e7]
C  [libjdwp.so+0x11f0a]
C  [libjdwp.so+0x24757]
V  [libjvm.so+0x9ce8bd]
V  [libjvm.so+0xd7f0b3]
V  [libjvm.so+0xd7f385]
V  [libjvm.so+0xd7aeea]
V  [libjvm.so+0xbc4a5e]


siginfo: si_signo: 11 (SIGSEGV), si_code: 1 (SEGV_MAPERR), si_addr: 0x0000000000000000

Register to memory mapping:

RAX=0x00007f9b105a7288 is pointing into metadata
RBX=0x0000000000000030 is an unknown value
RCX=0x00007f9b105a75e0 is pointing into metadata
RDX=0x00000000000000ca is an unknown value
RSP=0x00007f9aeb5a1620 is pointing into the stack for thread: 0x00007f9b28184000
RBP=0x00007f9aeb5a1630 is pointing into the stack for thread: 0x00007f9b28184000
RSI=0x0 is NULL
RDI=0x0 is NULL
R8 =0x0 is NULL
R9 =0x0 is NULL
R10=0x0000000000001210 is an unknown value
R11=0x00007f9aeb5a1660 is pointing into the stack for thread: 0x00007f9b28184000
R12=0x00007f9aeb5a18a0 is pointing into the stack for thread: 0x00007f9b28184000
R13={method} {0x00007f9b105a7670} 'main' '([Ljava/lang/String;)V' in 'main/main_Empleado'
R14=0x0000000000000002 is an unknown value
R15=0x00007f9aeb5a18a0 is pointing into the stack for thread: 0x00007f9b28184000


Registers:
RAX=0x00007f9b105a7288, RBX=0x0000000000000030, RCX=0x00007f9b105a75e0, RDX=0x00000000000000ca
RSP=0x00007f9aeb5a1620, RBP=0x00007f9aeb5a1630, RSI=0x0000000000000000, RDI=0x0000000000000000
R8 =0x0000000000000000, R9 =0x0000000000000000, R10=0x0000000000001210, R11=0x00007f9aeb5a1660
R12=0x00007f9aeb5a18a0, R13=0x00007f9b105a7670, R14=0x0000000000000002, R15=0x00007f9aeb5a18a0
RIP=0x00007f9b305be1a9, EFLAGS=0x0000000000010246, CSGSFS=0x002b000000000033, ERR=0x0000000000000004
  TRAPNO=0x000000000000000e

Top of Stack: (sp=0x00007f9aeb5a1620)
0x00007f9aeb5a1620:   0000000000000030 00007f9aeb5a18a0
0x00007f9aeb5a1630:   00007f9aeb5a16d0 00007f9b30263c30
0x00007f9aeb5a1640:   0000000000000000 0000000000000000
0x00007f9aeb5a1650:   0000000000000000 0000000000000000 

Instructions: (pc=0x00007f9b305be1a9)
0x00007f9b305be0a9:   41 0f 11 04 09 48 83 c1 10 41 39 fb 77 e9 89 d9
0x00007f9b305be0b9:   83 e1 f0 01 ca 39 cb 48 63 d2 74 13 0f 1f 00 41
0x00007f9b305be0c9:   0f b6 0c 10 88 0c 10 48 83 c2 01 39 d6 7f f0 48
0x00007f9b305be0d9:   63 f6 5b c6 04 30 00 5d c3 66 0f 1f 44 00 00 ba
0x00007f9b305be0e9:   02 00 00 00 eb 91 90 ba 05 00 00 00 eb 89 ba 0d
0x00007f9b305be0f9:   00 00 00 eb 82 66 90 31 d2 48 63 d2 0f 1f 00 41
0x00007f9b305be109:   0f b6 0c 10 88 0c 10 48 83 c2 01 39 d6 7f f0 e9
0x00007f9b305be119:   44 ff ff ff 0f 1f 00 ba 03 00 00 00 e9 56 ff ff
0x00007f9b305be129:   ff 66 0f 1f 44 00 00 ba 04 00 00 00 e9 46 ff ff
0x00007f9b305be139:   ff 66 0f 1f 44 00 00 ba 06 00 00 00 e9 36 ff ff
0x00007f9b305be149:   ff 31 d2 e9 2f ff ff ff ba 07 00 00 00 e9 25 ff
0x00007f9b305be159:   ff ff ba 08 00 00 00 e9 1b ff ff ff ba 09 00 00
0x00007f9b305be169:   00 e9 11 ff ff ff ba 0a 00 00 00 e9 07 ff ff ff
0x00007f9b305be179:   ba 0b 00 00 00 e9 fd fe ff ff ba 0c 00 00 00 e9
0x00007f9b305be189:   f3 fe ff ff ba 0e 00 00 00 e9 e9 fe ff ff 90 0f
0x00007f9b305be199:   1f 84 00 00 00 00 00 55 31 f6 48 89 e5 41 54 53
0x00007f9b305be1a9:   44 0f b7 27 48 89 fb 41 8d 7c 24 01 48 63 ff e8
0x00007f9b305be1b9:   93 d0 f4 ff 0f b7 33 44 39 e6 49 0f 4f f4 85 f6
0x00007f9b305be1c9:   0f 84 91 01 00 00 48 8d 53 16 4c 8d 43 06 48 39
0x00007f9b305be1d9:   d0 48 8d 50 10 0f 93 c1 49 39 d0 0f 93 c2 08 d1
0x00007f9b305be1e9:   0f 84 91 01 00 00 83 fe 16 0f 86 88 01 00 00 4c
0x00007f9b305be1f9:   89 c1 8d 7e ff 48 f7 d9 83 e1 0f 8d 51 0f 39 d7
0x00007f9b305be209:   0f 82 b1 01 00 00 85 c9 0f 84 ed 01 00 00 0f b6
0x00007f9b305be219:   53 06 83 f9 01 88 10 0f 84 4a 01 00 00 0f b6 53
0x00007f9b305be229:   07 83 f9 02 88 50 01 0f 84 7a 01 00 00 0f b6 53
0x00007f9b305be239:   08 83 f9 03 88 50 02 0f 84 82 01 00 00 0f b6 53
0x00007f9b305be249:   09 83 f9 04 88 50 03 0f 84 82 01 00 00 0f b6 53
0x00007f9b305be259:   0a 83 f9 05 88 50 04 0f 84 8a 01 00 00 0f b6 53
0x00007f9b305be269:   0b 83 f9 06 88 50 05 0f 84 84 01 00 00 0f b6 53
0x00007f9b305be279:   0c 83 f9 07 88 50 06 0f 84 5c 01 00 00 0f b6 53
0x00007f9b305be289:   0d 83 f9 08 88 50 07 0f 84 75 01 00 00 0f b6 53
0x00007f9b305be299:   0e 83 f9 09 88 50 08 0f 84 6f 01 00 00 0f b6 53 


Stack slot to memory mapping:
stack at sp + 0 slots: 0x0000000000000030 is an unknown value
stack at sp + 1 slots: 0x00007f9aeb5a18a0 is pointing into the stack for thread: 0x00007f9b28184000
stack at sp + 2 slots: 0x00007f9aeb5a16d0 is pointing into the stack for thread: 0x00007f9b28184000
stack at sp + 3 slots: 0x00007f9b30263c30: <offset 0x00000000009d0c30> in /usr/lib/jvm/java-11-openjdk-amd64/lib/server/libjvm.so at 0x00007f9b2f893000
stack at sp + 4 slots: 0x0 is NULL
stack at sp + 5 slots: 0x0 is NULL
stack at sp + 6 slots: 0x0 is NULL
stack at sp + 7 slots: 0x0 is NULL


---------------  P R O C E S S  ---------------

Threads class SMR info:
_java_thread_list=0x00007f9b28211c30, length=12, elements={
0x00007f9b28014000, 0x00007f9b2811f000, 0x00007f9b28121000, 0x00007f9b28126800,
0x00007f9b28129000, 0x00007f9b2812b000, 0x00007f9b2812d000, 0x00007f9b28142800,
0x00007f9b28184000, 0x00007f9b28188000, 0x00007f9acc001800, 0x00007f9b28210800
}

Java Threads: ( => current thread )
  0x00007f9b28014000 JavaThread "main" [_thread_blocked, id=15845, stack(0x00007f9b319f9000,0x00007f9b31afa000)]
  0x00007f9b2811f000 JavaThread "Reference Handler" daemon [_thread_blocked, id=15852, stack(0x00007f9b2c16f000,0x00007f9b2c270000)]
  0x00007f9b28121000 JavaThread "Finalizer" daemon [_thread_blocked, id=15853, stack(0x00007f9b2c06e000,0x00007f9b2c16f000)]
  0x00007f9b28126800 JavaThread "Signal Dispatcher" daemon [_thread_blocked, id=15854, stack(0x00007f9b10055000,0x00007f9b10156000)]
  0x00007f9b28129000 JavaThread "C2 CompilerThread0" daemon [_thread_blocked, id=15855, stack(0x00007f9b080ff000,0x00007f9b08200000)]
  0x00007f9b2812b000 JavaThread "C1 CompilerThread0" daemon [_thread_blocked, id=15856, stack(0x00007f9aeb9ab000,0x00007f9aebaac000)]
  0x00007f9b2812d000 JavaThread "Sweeper thread" daemon [_thread_blocked, id=15857, stack(0x00007f9aeb8aa000,0x00007f9aeb9ab000)]
  0x00007f9b28142800 JavaThread "Common-Cleaner" daemon [_thread_blocked, id=15858, stack(0x00007f9aeb7a9000,0x00007f9aeb8aa000)]
=>0x00007f9b28184000 JavaThread "JDWP Transport Listener: dt_socket" daemon [_thread_in_vm, id=15860, stack(0x00007f9aeb4a2000,0x00007f9aeb5a3000)]
  0x00007f9b28188000 JavaThread "JDWP Event Helper Thread" daemon [_thread_blocked, id=15861, stack(0x00007f9aeb3a1000,0x00007f9aeb4a2000)]
  0x00007f9acc001800 JavaThread "JDWP Command Reader" daemon [_thread_in_native, id=15862, stack(0x00007f9aeb2a0000,0x00007f9aeb3a1000)]
  0x00007f9b28210800 JavaThread "Service Thread" daemon [_thread_blocked, id=15866, stack(0x00007f9aead77000,0x00007f9aeae78000)]

Other Threads:
  0x00007f9b2811c800 VMThread "VM Thread" [stack: 0x00007f9b2c272000,0x00007f9b2c372000] [id=15851]
  0x00007f9b28217000 WatcherThread [stack: 0x00007f9aeac77000,0x00007f9aead77000] [id=15867]
  0x00007f9b2802a000 GCTaskThread "GC Thread#0" [stack: 0x00007f9b2d5a5000,0x00007f9b2d6a5000] [id=15846]
  0x00007f9b28044800 ConcurrentGCThread "G1 Main Marker" [stack: 0x00007f9b2caff000,0x00007f9b2cbff000] [id=15847]
  0x00007f9b28046800 ConcurrentGCThread "G1 Conc#0" [stack: 0x00007f9b2c9fd000,0x00007f9b2cafd000] [id=15848]
  0x00007f9b28088000 ConcurrentGCThread "G1 Refine#0" [stack: 0x00007f9b2c4f7000,0x00007f9b2c5f7000] [id=15849]
  0x00007f9b2808a000 ConcurrentGCThread "G1 Young RemSet Sampling" [stack: 0x00007f9b2c3f5000,0x00007f9b2c4f5000] [id=15850]

Threads with active compile tasks:

VM state:not at safepoint (normal execution)

VM Mutex/Monitor currently owned by a thread: None

Heap address: 0x00000000c4000000, size: 960 MB, Compressed Oops mode: 32-bit
Narrow klass base: 0x0000000800000000, Narrow klass shift: 3
Compressed class space size: 1073741824 Address: 0x0000000840000000

Heap:
 garbage-first heap   total 63488K, used 5752K [0x00000000c4000000, 0x0000000100000000)
  region size 1024K, 6 young (6144K), 0 survivors (0K)
 Metaspace       used 2861K, capacity 5035K, committed 5376K, reserved 1056768K
  class space    used 256K, capacity 442K, committed 512K, reserved 1048576K
Heap Regions: E=young(eden), S=young(survivor), O=old, HS=humongous(starts), HC=humongous(continues), CS=collection set, F=free, A=archive, TAMS=top-at-mark-start (previous, next)
|   0|0x00000000c4000000, 0x00000000c4000000, 0x00000000c4100000|  0%| F|  |TAMS 0x00000000c4000000, 0x00000000c4000000| Untracked 
|   1|0x00000000c4100000, 0x00000000c4100000, 0x00000000c4200000|  0%| F|  |TAMS 0x00000000c4100000, 0x00000000c4100000| Untracked 
|   2|0x00000000c4200000, 0x00000000c4200000, 0x00000000c4300000|  0%| F|  |TAMS 0x00000000c4200000, 0x00000000c4200000| Untracked 
|   3|0x00000000c4300000, 0x00000000c4300000, 0x00000000c4400000|  0%| F|  |TAMS 0x00000000c4300000, 0x00000000c4300000| Untracked 
|   4|0x00000000c4400000, 0x00000000c4400000, 0x00000000c4500000|  0%| F|  |TAMS 0x00000000c4400000, 0x00000000c4400000| Untracked 
|   5|0x00000000c4500000, 0x00000000c4500000, 0x00000000c4600000|  0%| F|  |TAMS 0x00000000c4500000, 0x00000000c4500000| Untracked 
|   6|0x00000000c4600000, 0x00000000c4600000, 0x00000000c4700000|  0%| F|  |TAMS 0x00000000c4600000, 0x00000000c4600000| Untracked 
|   7|0x00000000c4700000, 0x00000000c4700000, 0x00000000c4800000|  0%| F|  |TAMS 0x00000000c4700000, 0x00000000c4700000| Untracked 
|   8|0x00000000c4800000, 0x00000000c4800000, 0x00000000c4900000|  0%| F|  |TAMS 0x00000000c4800000, 0x00000000c4800000| Untracked 
|   9|0x00000000c4900000, 0x00000000c4900000, 0x00000000c4a00000|  0%| F|  |TAMS 0x00000000c4900000, 0x00000000c4900000| Untracked 
|  10|0x00000000c4a00000, 0x00000000c4a00000, 0x00000000c4b00000|  0%| F|  |TAMS 0x00000000c4a00000, 0x00000000c4a00000| Untracked 
|  11|0x00000000c4b00000, 0x00000000c4b00000, 0x00000000c4c00000|  0%| F|  |TAMS 0x00000000c4b00000, 0x00000000c4b00000| Untracked 
|  12|0x00000000c4c00000, 0x00000000c4c00000, 0x00000000c4d00000|  0%| F|  |TAMS 0x00000000c4c00000, 0x00000000c4c00000| Untracked 
|  13|0x00000000c4d00000, 0x00000000c4d00000, 0x00000000c4e00000|  0%| F|  |TAMS 0x00000000c4d00000, 0x00000000c4d00000| Untracked 
|  14|0x00000000c4e00000, 0x00000000c4e00000, 0x00000000c4f00000|  0%| F|  |TAMS 0x00000000c4e00000, 0x00000000c4e00000| Untracked 
|  15|0x00000000c4f00000, 0x00000000c4f00000, 0x00000000c5000000|  0%| F|  |TAMS 0x00000000c4f00000, 0x00000000c4f00000| Untracked 
|  16|0x00000000c5000000, 0x00000000c5000000, 0x00000000c5100000|  0%| F|  |TAMS 0x00000000c5000000, 0x00000000c5000000| Untracked 
|  17|0x00000000c5100000, 0x00000000c5100000, 0x00000000c5200000|  0%| F|  |TAMS 0x00000000c5100000, 0x00000000c5100000| Untracked 
|  18|0x00000000c5200000, 0x00000000c5200000, 0x00000000c5300000|  0%| F|  |TAMS 0x00000000c5200000, 0x00000000c5200000| Untracked 
|  19|0x00000000c5300000, 0x00000000c5300000, 0x00000000c5400000|  0%| F|  |TAMS 0x00000000c5300000, 0x00000000c5300000| Untracked 
|  20|0x00000000c5400000, 0x00000000c5400000, 0x00000000c5500000|  0%| F|  |TAMS 0x00000000c5400000, 0x00000000c5400000| Untracked 
|  21|0x00000000c5500000, 0x00000000c5500000, 0x00000000c5600000|  0%| F|  |TAMS 0x00000000c5500000, 0x00000000c5500000| Untracked 
|  22|0x00000000c5600000, 0x00000000c5600000, 0x00000000c5700000|  0%| F|  |TAMS 0x00000000c5600000, 0x00000000c5600000| Untracked 
|  23|0x00000000c5700000, 0x00000000c5700000, 0x00000000c5800000|  0%| F|  |TAMS 0x00000000c5700000, 0x00000000c5700000| Untracked 
|  24|0x00000000c5800000, 0x00000000c5800000, 0x00000000c5900000|  0%| F|  |TAMS 0x00000000c5800000, 0x00000000c5800000| Untracked 
|  25|0x00000000c5900000, 0x00000000c5900000, 0x00000000c5a00000|  0%| F|  |TAMS 0x00000000c5900000, 0x00000000c5900000| Untracked 
|  26|0x00000000c5a00000, 0x00000000c5a00000, 0x00000000c5b00000|  0%| F|  |TAMS 0x00000000c5a00000, 0x00000000c5a00000| Untracked 
|  27|0x00000000c5b00000, 0x00000000c5b00000, 0x00000000c5c00000|  0%| F|  |TAMS 0x00000000c5b00000, 0x00000000c5b00000| Untracked 
|  28|0x00000000c5c00000, 0x00000000c5c00000, 0x00000000c5d00000|  0%| F|  |TAMS 0x00000000c5c00000, 0x00000000c5c00000| Untracked 
|  29|0x00000000c5d00000, 0x00000000c5d00000, 0x00000000c5e00000|  0%| F|  |TAMS 0x00000000c5d00000, 0x00000000c5d00000| Untracked 
|  30|0x00000000c5e00000, 0x00000000c5e00000, 0x00000000c5f00000|  0%| F|  |TAMS 0x00000000c5e00000, 0x00000000c5e00000| Untracked 
|  31|0x00000000c5f00000, 0x00000000c5f00000, 0x00000000c6000000|  0%| F|  |TAMS 0x00000000c5f00000, 0x00000000c5f00000| Untracked 
|  32|0x00000000c6000000, 0x00000000c6000000, 0x00000000c6100000|  0%| F|  |TAMS 0x00000000c6000000, 0x00000000c6000000| Untracked 
|  33|0x00000000c6100000, 0x00000000c6100000, 0x00000000c6200000|  0%| F|  |TAMS 0x00000000c6100000, 0x00000000c6100000| Untracked 
|  34|0x00000000c6200000, 0x00000000c6200000, 0x00000000c6300000|  0%| F|  |TAMS 0x00000000c6200000, 0x00000000c6200000| Untracked 
|  35|0x00000000c6300000, 0x00000000c6300000, 0x00000000c6400000|  0%| F|  |TAMS 0x00000000c6300000, 0x00000000c6300000| Untracked 
|  36|0x00000000c6400000, 0x00000000c6400000, 0x00000000c6500000|  0%| F|  |TAMS 0x00000000c6400000, 0x00000000c6400000| Untracked 
|  37|0x00000000c6500000, 0x00000000c6500000, 0x00000000c6600000|  0%| F|  |TAMS 0x00000000c6500000, 0x00000000c6500000| Untracked 
|  38|0x00000000c6600000, 0x00000000c6600000, 0x00000000c6700000|  0%| F|  |TAMS 0x00000000c6600000, 0x00000000c6600000| Untracked 
|  39|0x00000000c6700000, 0x00000000c6700000, 0x00000000c6800000|  0%| F|  |TAMS 0x00000000c6700000, 0x00000000c6700000| Untracked 
|  40|0x00000000c6800000, 0x00000000c6800000, 0x00000000c6900000|  0%| F|  |TAMS 0x00000000c6800000, 0x00000000c6800000| Untracked 
|  41|0x00000000c6900000, 0x00000000c6900000, 0x00000000c6a00000|  0%| F|  |TAMS 0x00000000c6900000, 0x00000000c6900000| Untracked 
|  42|0x00000000c6a00000, 0x00000000c6a00000, 0x00000000c6b00000|  0%| F|  |TAMS 0x00000000c6a00000, 0x00000000c6a00000| Untracked 
|  43|0x00000000c6b00000, 0x00000000c6b00000, 0x00000000c6c00000|  0%| F|  |TAMS 0x00000000c6b00000, 0x00000000c6b00000| Untracked 
|  44|0x00000000c6c00000, 0x00000000c6c00000, 0x00000000c6d00000|  0%| F|  |TAMS 0x00000000c6c00000, 0x00000000c6c00000| Untracked 
|  45|0x00000000c6d00000, 0x00000000c6d00000, 0x00000000c6e00000|  0%| F|  |TAMS 0x00000000c6d00000, 0x00000000c6d00000| Untracked 
|  46|0x00000000c6e00000, 0x00000000c6e00000, 0x00000000c6f00000|  0%| F|  |TAMS 0x00000000c6e00000, 0x00000000c6e00000| Untracked 
|  47|0x00000000c6f00000, 0x00000000c6f00000, 0x00000000c7000000|  0%| F|  |TAMS 0x00000000c6f00000, 0x00000000c6f00000| Untracked 
|  48|0x00000000c7000000, 0x00000000c7000000, 0x00000000c7100000|  0%| F|  |TAMS 0x00000000c7000000, 0x00000000c7000000| Untracked 
|  49|0x00000000c7100000, 0x00000000c7100000, 0x00000000c7200000|  0%| F|  |TAMS 0x00000000c7100000, 0x00000000c7100000| Untracked 
|  50|0x00000000c7200000, 0x00000000c7200000, 0x00000000c7300000|  0%| F|  |TAMS 0x00000000c7200000, 0x00000000c7200000| Untracked 
|  51|0x00000000c7300000, 0x00000000c7300000, 0x00000000c7400000|  0%| F|  |TAMS 0x00000000c7300000, 0x00000000c7300000| Untracked 
|  52|0x00000000c7400000, 0x00000000c7400000, 0x00000000c7500000|  0%| F|  |TAMS 0x00000000c7400000, 0x00000000c7400000| Untracked 
|  53|0x00000000c7500000, 0x00000000c7500000, 0x00000000c7600000|  0%| F|  |TAMS 0x00000000c7500000, 0x00000000c7500000| Untracked 
|  54|0x00000000c7600000, 0x00000000c76483c0, 0x00000000c7700000| 28%| E|  |TAMS 0x00000000c7600000, 0x00000000c7600000| Complete 
|  55|0x00000000c7700000, 0x00000000c7800000, 0x00000000c7800000|100%| E|CS|TAMS 0x00000000c7700000, 0x00000000c7700000| Complete 
|  56|0x00000000c7800000, 0x00000000c7900000, 0x00000000c7900000|100%| E|CS|TAMS 0x00000000c7800000, 0x00000000c7800000| Complete 
|  57|0x00000000c7900000, 0x00000000c7a00000, 0x00000000c7a00000|100%| E|CS|TAMS 0x00000000c7900000, 0x00000000c7900000| Complete 
|  58|0x00000000c7a00000, 0x00000000c7b00000, 0x00000000c7b00000|100%| E|CS|TAMS 0x00000000c7a00000, 0x00000000c7a00000| Complete 
|  59|0x00000000c7b00000, 0x00000000c7c00000, 0x00000000c7c00000|100%| E|CS|TAMS 0x00000000c7b00000, 0x00000000c7b00000| Complete 
| 958|0x00000000ffe00000, 0x00000000ffe34000, 0x00000000fff00000| 20%|OA|  |TAMS 0x00000000ffe00000, 0x00000000ffe00000| Untracked 
| 959|0x00000000fff00000, 0x00000000fff6a000, 0x0000000100000000| 41%|CA|  |TAMS 0x00000000fff00000, 0x00000000fff00000| Untracked 

Card table byte_map: [0x00007f9b2cddf000,0x00007f9b2cfbf000] _byte_map_base: 0x00007f9b2c7bf000

Marking Bits (Prev, Next): (CMBitMap*) 0x00007f9b28040078, (CMBitMap*) 0x00007f9b280400b0
 Prev Bits: [0x00007f9b0b100000, 0x00007f9b0c000000)
 Next Bits: [0x00007f9b0a200000, 0x00007f9b0b100000)

Polling page: 0x00007f9b31b0f000

Metaspace:

Usage:
  Non-class:      4,49 MB capacity,     2,54 MB ( 57%) used,     1,94 MB ( 43%) free+waste,     2,81 KB ( <1%) overhead. 
      Class:    442,00 KB capacity,   256,04 KB ( 58%) used,   184,46 KB ( 42%) free+waste,     1,50 KB ( <1%) overhead. 
       Both:      4,92 MB capacity,     2,79 MB ( 57%) used,     2,12 MB ( 43%) free+waste,     4,31 KB ( <1%) overhead. 

Virtual space:
  Non-class space:        8,00 MB reserved,       4,75 MB ( 59%) committed 
      Class space:        1,00 GB reserved,     512,00 KB ( <1%) committed 
             Both:        1,01 GB reserved,       5,25 MB ( <1%) committed 

Chunk freelists:
   Non-Class:  55,00 KB
       Class:  6,00 KB
        Both:  61,00 KB

CodeHeap 'non-profiled nmethods': size=120032Kb used=136Kb max_used=136Kb free=119895Kb
 bounds [0x00007f9b1841e000, 0x00007f9b1868e000, 0x00007f9b1f956000]
CodeHeap 'profiled nmethods': size=120032Kb used=767Kb max_used=783Kb free=119264Kb
 bounds [0x00007f9b10ee6000, 0x00007f9b11156000, 0x00007f9b1841e000]
CodeHeap 'non-nmethods': size=5696Kb used=1119Kb max_used=1134Kb free=4576Kb
 bounds [0x00007f9b10956000, 0x00007f9b10bc6000, 0x00007f9b10ee6000]
 total_blobs=883 nmethods=405 adapters=275
 compilation: enabled
              stopped_count=0, restarted_count=0
 full_count=0

Compilation events (10 events):
Event: 1611,148 Thread 0x00007f9b2812b000  410       3       org.eclipse.jdt.launching.internal.org.objectweb.asm.MethodWriter::visitLocalVariable (222 bytes)
Event: 1611,151 Thread 0x00007f9b2812b000 nmethod 410 0x00007f9b10fa8110 code [0x00007f9b10fa8480, 0x00007f9b10fa9698]
Event: 1731,644 Thread 0x00007f9b28129000  411       4       org.eclipse.jdt.launching.internal.org.objectweb.asm.ClassReader::readUtf (44 bytes)
Event: 1731,687 Thread 0x00007f9b28129000 nmethod 411 0x00007f9b1843d410 code [0x00007f9b1843d5e0, 0x00007f9b1843e678]
Event: 1731,687 Thread 0x00007f9b28129000  412       4       java.lang.StringUTF16::compress (50 bytes)
Event: 1731,702 Thread 0x00007f9b28129000 nmethod 412 0x00007f9b1843ee10 code [0x00007f9b1843efa0, 0x00007f9b1843f458]
Event: 1746,271 Thread 0x00007f9b2812b000  413       3       org.eclipse.jdt.launching.internal.org.objectweb.asm.ClassReader::createLabel (21 bytes)
Event: 1746,271 Thread 0x00007f9b28129000  414       4       org.eclipse.jdt.launching.internal.org.objectweb.asm.ByteVector::putUTF8 (144 bytes)
Event: 1746,272 Thread 0x00007f9b2812b000 nmethod 413 0x00007f9b10ee6010 code [0x00007f9b10ee6200, 0x00007f9b10ee6770]
Event: 1746,296 Thread 0x00007f9b28129000 nmethod 414 0x00007f9b1843f610 code [0x00007f9b1843f7e0, 0x00007f9b1843fe28]

GC Heap History (0 events):
No events

Deoptimization events (10 events):
Event: 0,983 Thread 0x00007f9b28014000 DEOPT PACKING pc=0x00007f9b10f4e621 sp=0x00007f9b31af4010
Event: 0,983 Thread 0x00007f9b28014000 DEOPT UNPACKING pc=0x00007f9b1098e32c sp=0x00007f9b31af34f8 mode 0
Event: 0,984 Thread 0x00007f9b28014000 DEOPT PACKING pc=0x00007f9b10f4e621 sp=0x00007f9b31af4010
Event: 0,984 Thread 0x00007f9b28014000 DEOPT UNPACKING pc=0x00007f9b1098e32c sp=0x00007f9b31af34f8 mode 0
Event: 0,984 Thread 0x00007f9b28014000 DEOPT PACKING pc=0x00007f9b10f4e621 sp=0x00007f9b31af4010
Event: 0,984 Thread 0x00007f9b28014000 DEOPT UNPACKING pc=0x00007f9b1098e32c sp=0x00007f9b31af34f8 mode 0
Event: 0,992 Thread 0x00007f9b28014000 DEOPT PACKING pc=0x00007f9b10f4e3ec sp=0x00007f9b31af5270
Event: 0,992 Thread 0x00007f9b28014000 DEOPT UNPACKING pc=0x00007f9b1098e32c sp=0x00007f9b31af4758 mode 0
Event: 0,997 Thread 0x00007f9b28014000 DEOPT PACKING pc=0x00007f9b10f4e3ec sp=0x00007f9b31af53c0
Event: 0,997 Thread 0x00007f9b28014000 DEOPT UNPACKING pc=0x00007f9b1098e32c sp=0x00007f9b31af48a8 mode 0

Classes redefined (10 events):
Event: 1093,532 Thread 0x00007f9b2811c800 redefined class name=main.main_Empleado, count=2
Event: 1170,209 Thread 0x00007f9b2811c800 redefined class name=main.main_Empleado, count=3
Event: 1202,252 Thread 0x00007f9b2811c800 redefined class name=main.main_Empleado, count=4
Event: 1207,523 Thread 0x00007f9b2811c800 redefined class name=main.main_Empleado, count=5
Event: 1277,863 Thread 0x00007f9b2811c800 redefined class name=main.main_Empleado, count=6
Event: 1508,949 Thread 0x00007f9b2811c800 redefined class name=main.main_Empleado, count=7
Event: 1636,696 Thread 0x00007f9b2811c800 redefined class name=main.main_Empleado, count=8
Event: 1779,922 Thread 0x00007f9b2811c800 redefined class name=main.main_Empleado, count=9
Event: 1809,992 Thread 0x00007f9b2811c800 redefined class name=main.main_Empleado, count=10
Event: 1850,576 Thread 0x00007f9b2811c800 redefined class name=main.main_Empleado, count=11

Internal exceptions (0 events):
No events

Events (10 events):
Event: 2816,479 Executing VM operation: GetCurrentContendedMonitor
Event: 2816,479 Executing VM operation: GetCurrentContendedMonitor done
Event: 2816,479 Executing VM operation: GetOwnedMonitorInfo
Event: 2816,480 Executing VM operation: GetOwnedMonitorInfo done
Event: 2816,487 Executing VM operation: GetFrameCount
Event: 2816,488 Executing VM operation: GetFrameCount done
Event: 2816,488 Executing VM operation: GetOwnedMonitorInfo
Event: 2816,488 Executing VM operation: GetOwnedMonitorInfo done
Event: 2816,489 Executing VM operation: GetCurrentContendedMonitor
Event: 2816,489 Executing VM operation: GetCurrentContendedMonitor done


Dynamic libraries:
c4000000-c7c00000 rw-p 00000000 00:00 0 
c7c00000-ffe00000 ---p 00000000 00:00 0 
ffe00000-ffe34000 rw-p 01116000 08:01 4072948                            /usr/lib/jvm/java-11-openjdk-amd64/lib/server/classes.jsa
ffe34000-fff00000 rw-p 00000000 00:00 0 
fff00000-fff6a000 rw-p 010ac000 08:01 4072948                            /usr/lib/jvm/java-11-openjdk-amd64/lib/server/classes.jsa
fff6a000-100000000 rw-p 00000000 00:00 0 
800000000-800002000 rwxp 00001000 08:01 4072948                          /usr/lib/jvm/java-11-openjdk-amd64/lib/server/classes.jsa
800002000-8010ab000 rw-p 00003000 08:01 4072948                          /usr/lib/jvm/java-11-openjdk-amd64/lib/server/classes.jsa
840000000-840080000 rw-p 00000000 00:00 0 
840080000-880000000 ---p 00000000 00:00 0 
558a6ea90000-558a6ea91000 r-xp 00000000 08:01 4065969                    /usr/lib/jvm/java-11-openjdk-amd64/bin/java
558a6ec91000-558a6ec92000 r--p 00001000 08:01 4065969                    /usr/lib/jvm/java-11-openjdk-amd64/bin/java
558a6ec92000-558a6ec93000 rw-p 00002000 08:01 4065969                    /usr/lib/jvm/java-11-openjdk-amd64/bin/java
558a6f649000-558a6f66a000 rw-p 00000000 00:00 0                          [heap]
7f9abc000000-7f9abc021000 rw-p 00000000 00:00 0 
7f9abc021000-7f9ac0000000 ---p 00000000 00:00 0 
7f9ac4000000-7f9ac4021000 rw-p 00000000 00:00 0 
7f9ac4021000-7f9ac8000000 ---p 00000000 00:00 0 
7f9ac8000000-7f9ac8021000 rw-p 00000000 00:00 0 
7f9ac8021000-7f9acc000000 ---p 00000000 00:00 0 
7f9acc000000-7f9acc021000 rw-p 00000000 00:00 0 
7f9acc021000-7f9ad0000000 ---p 00000000 00:00 0 
7f9ad0000000-7f9ad0021000 rw-p 00000000 00:00 0 
7f9ad0021000-7f9ad4000000 ---p 00000000 00:00 0 
7f9ad4000000-7f9ad4021000 rw-p 00000000 00:00 0 
7f9ad4021000-7f9ad8000000 ---p 00000000 00:00 0 
7f9ad8000000-7f9ad8021000 rw-p 00000000 00:00 0 
7f9ad8021000-7f9adc000000 ---p 00000000 00:00 0 
7f9adc000000-7f9adc282000 rw-p 00000000 00:00 0 
7f9adc282000-7f9ae0000000 ---p 00000000 00:00 0 
7f9ae0000000-7f9ae08bc000 rw-p 00000000 00:00 0 
7f9ae08bc000-7f9ae4000000 ---p 00000000 00:00 0 
7f9ae4000000-7f9ae4021000 rw-p 00000000 00:00 0 
7f9ae4021000-7f9ae8000000 ---p 00000000 00:00 0 
7f9aeac75000-7f9aeac76000 ---p 00000000 00:00 0 
7f9aeac76000-7f9aead77000 rw-p 00000000 00:00 0 
7f9aead77000-7f9aead7b000 ---p 00000000 00:00 0 
7f9aead7b000-7f9aeae78000 rw-p 00000000 00:00 0 
7f9aeae78000-7f9aeae8e000 r-xp 00000000 08:01 4072681                    /usr/lib/jvm/java-11-openjdk-amd64/lib/libnet.so
7f9aeae8e000-7f9aeb08d000 ---p 00016000 08:01 4072681                    /usr/lib/jvm/java-11-openjdk-amd64/lib/libnet.so
7f9aeb08d000-7f9aeb08e000 r--p 00015000 08:01 4072681                    /usr/lib/jvm/java-11-openjdk-amd64/lib/libnet.so
7f9aeb08e000-7f9aeb08f000 rw-p 00016000 08:01 4072681                    /usr/lib/jvm/java-11-openjdk-amd64/lib/libnet.so
7f9aeb08f000-7f9aeb09f000 r-xp 00000000 08:01 4072682                    /usr/lib/jvm/java-11-openjdk-amd64/lib/libnio.so
7f9aeb09f000-7f9aeb29e000 ---p 00010000 08:01 4072682                    /usr/lib/jvm/java-11-openjdk-amd64/lib/libnio.so
7f9aeb29e000-7f9aeb29f000 r--p 0000f000 08:01 4072682                    /usr/lib/jvm/java-11-openjdk-amd64/lib/libnio.so
7f9aeb29f000-7f9aeb2a0000 rw-p 00010000 08:01 4072682                    /usr/lib/jvm/java-11-openjdk-amd64/lib/libnio.so
7f9aeb2a0000-7f9aeb2a4000 ---p 00000000 00:00 0 
7f9aeb2a4000-7f9aeb3a1000 rw-p 00000000 00:00 0 
7f9aeb3a1000-7f9aeb3a5000 ---p 00000000 00:00 0 
7f9aeb3a5000-7f9aeb4a2000 rw-p 00000000 00:00 0 
7f9aeb4a2000-7f9aeb4a6000 ---p 00000000 00:00 0 
7f9aeb4a6000-7f9aeb5a3000 rw-p 00000000 00:00 0 
7f9aeb5a3000-7f9aeb5a7000 r-xp 00000000 08:01 4072588                    /usr/lib/jvm/java-11-openjdk-amd64/lib/libdt_socket.so
7f9aeb5a7000-7f9aeb7a7000 ---p 00004000 08:01 4072588                    /usr/lib/jvm/java-11-openjdk-amd64/lib/libdt_socket.so
7f9aeb7a7000-7f9aeb7a8000 r--p 00004000 08:01 4072588                    /usr/lib/jvm/java-11-openjdk-amd64/lib/libdt_socket.so
7f9aeb7a8000-7f9aeb7a9000 rw-p 00005000 08:01 4072588                    /usr/lib/jvm/java-11-openjdk-amd64/lib/libdt_socket.so
7f9aeb7a9000-7f9aeb7ad000 ---p 00000000 00:00 0 
7f9aeb7ad000-7f9aeb8aa000 rw-p 00000000 00:00 0 
7f9aeb8aa000-7f9aeb8ae000 ---p 00000000 00:00 0 
7f9aeb8ae000-7f9aeb9ab000 rw-p 00000000 00:00 0 
7f9aeb9ab000-7f9aeb9af000 ---p 00000000 00:00 0 
7f9aeb9af000-7f9aebaac000 rw-p 00000000 00:00 0 
7f9aebaac000-7f9aec000000 r--p 00000000 08:01 4063292                    /usr/lib/locale/locale-archive
7f9aec000000-7f9aec021000 rw-p 00000000 00:00 0 
7f9aec021000-7f9af0000000 ---p 00000000 00:00 0 
7f9af0000000-7f9af0021000 rw-p 00000000 00:00 0 
7f9af0021000-7f9af4000000 ---p 00000000 00:00 0 
7f9af4000000-7f9af4021000 rw-p 00000000 00:00 0 
7f9af4021000-7f9af8000000 ---p 00000000 00:00 0 
7f9af8000000-7f9af802b000 rw-p 00000000 00:00 0 
7f9af802b000-7f9afc000000 ---p 00000000 00:00 0 
7f9afc000000-7f9afc021000 rw-p 00000000 00:00 0 
7f9afc021000-7f9b00000000 ---p 00000000 00:00 0 
7f9b00000000-7f9b00021000 rw-p 00000000 00:00 0 
7f9b00021000-7f9b04000000 ---p 00000000 00:00 0 
7f9b04000000-7f9b04021000 rw-p 00000000 00:00 0 
7f9b04021000-7f9b08000000 ---p 00000000 00:00 0 
7f9b080ff000-7f9b08103000 ---p 00000000 00:00 0 
7f9b08103000-7f9b0a2f0000 rw-p 00000000 00:00 0 
7f9b0a2f0000-7f9b0b0f8000 ---p 00000000 00:00 0 
7f9b0b0f8000-7f9b0b1f0000 rw-p 00000000 00:00 0 
7f9b0b1f0000-7f9b0bff8000 ---p 00000000 00:00 0 
7f9b0bff8000-7f9b0c000000 rw-p 00000000 00:00 0 
7f9b0c000000-7f9b0c021000 rw-p 00000000 00:00 0 
7f9b0c021000-7f9b10000000 ---p 00000000 00:00 0 
7f9b10055000-7f9b10059000 ---p 00000000 00:00 0 
7f9b10059000-7f9b10616000 rw-p 00000000 00:00 0 
7f9b10616000-7f9b10956000 ---p 00000000 00:00 0 
7f9b10956000-7f9b10bc6000 rwxp 00000000 00:00 0 
7f9b10bc6000-7f9b10ee6000 ---p 00000000 00:00 0 
7f9b10ee6000-7f9b11156000 rwxp 00000000 00:00 0 
7f9b11156000-7f9b1841e000 ---p 00000000 00:00 0 
7f9b1841e000-7f9b1868e000 rwxp 00000000 00:00 0 
7f9b1868e000-7f9b1f956000 ---p 00000000 00:00 0 
7f9b1f956000-7f9b28000000 r--s 00000000 08:01 4072722                    /usr/lib/jvm/java-11-openjdk-amd64/lib/modules
7f9b28000000-7f9b282d4000 rw-p 00000000 00:00 0 
7f9b282d4000-7f9b2c000000 ---p 00000000 00:00 0 
7f9b2c06e000-7f9b2c072000 ---p 00000000 00:00 0 
7f9b2c072000-7f9b2c16f000 rw-p 00000000 00:00 0 
7f9b2c16f000-7f9b2c173000 ---p 00000000 00:00 0 
7f9b2c173000-7f9b2c270000 rw-p 00000000 00:00 0 
7f9b2c270000-7f9b2c271000 ---p 00000000 00:00 0 
7f9b2c271000-7f9b2c3f3000 rw-p 00000000 00:00 0 
7f9b2c3f3000-7f9b2c3f4000 ---p 00000000 00:00 0 
7f9b2c3f4000-7f9b2c4f5000 rw-p 00000000 00:00 0 
7f9b2c4f5000-7f9b2c4f6000 ---p 00000000 00:00 0 
7f9b2c4f6000-7f9b2c9fb000 rw-p 00000000 00:00 0 
7f9b2c9fb000-7f9b2c9fc000 ---p 00000000 00:00 0 
7f9b2c9fc000-7f9b2cafd000 rw-p 00000000 00:00 0 
7f9b2cafd000-7f9b2cafe000 ---p 00000000 00:00 0 
7f9b2cafe000-7f9b2cc1d000 rw-p 00000000 00:00 0 
7f9b2cc1d000-7f9b2cdde000 ---p 00000000 00:00 0 
7f9b2cdde000-7f9b2cdfd000 rw-p 00000000 00:00 0 
7f9b2cdfd000-7f9b2cfbe000 ---p 00000000 00:00 0 
7f9b2cfbe000-7f9b2cfdd000 rw-p 00000000 00:00 0 
7f9b2cfdd000-7f9b2d19e000 ---p 00000000 00:00 0 
7f9b2d19e000-7f9b2d5a3000 rw-p 00000000 00:00 0 
7f9b2d5a3000-7f9b2d5a4000 ---p 00000000 00:00 0 
7f9b2d5a4000-7f9b2d6aa000 rw-p 00000000 00:00 0 
7f9b2d6aa000-7f9b2d790000 ---p 00000000 00:00 0 
7f9b2d790000-7f9b2d795000 rw-p 00000000 00:00 0 
7f9b2d795000-7f9b2d87b000 ---p 00000000 00:00 0 
7f9b2d87b000-7f9b2d880000 r-xp 00000000 08:01 4072634                    /usr/lib/jvm/java-11-openjdk-amd64/lib/libjimage.so
7f9b2d880000-7f9b2da7f000 ---p 00005000 08:01 4072634                    /usr/lib/jvm/java-11-openjdk-amd64/lib/libjimage.so
7f9b2da7f000-7f9b2da80000 r--p 00004000 08:01 4072634                    /usr/lib/jvm/java-11-openjdk-amd64/lib/libjimage.so
7f9b2da80000-7f9b2da81000 rw-p 00005000 08:01 4072634                    /usr/lib/jvm/java-11-openjdk-amd64/lib/libjimage.so
7f9b2da81000-7f9b2da88000 r-xp 00000000 08:01 4072720                    /usr/lib/jvm/java-11-openjdk-amd64/lib/libzip.so
7f9b2da88000-7f9b2dc87000 ---p 00007000 08:01 4072720                    /usr/lib/jvm/java-11-openjdk-amd64/lib/libzip.so
7f9b2dc87000-7f9b2dc88000 r--p 00006000 08:01 4072720                    /usr/lib/jvm/java-11-openjdk-amd64/lib/libzip.so
7f9b2dc88000-7f9b2dc89000 rw-p 00007000 08:01 4072720                    /usr/lib/jvm/java-11-openjdk-amd64/lib/libzip.so
7f9b2dc89000-7f9b2dc94000 r-xp 00000000 08:01 2233452                    /lib/x86_64-linux-gnu/libnss_files-2.27.so
7f9b2dc94000-7f9b2de93000 ---p 0000b000 08:01 2233452                    /lib/x86_64-linux-gnu/libnss_files-2.27.so
7f9b2de93000-7f9b2de94000 r--p 0000a000 08:01 2233452                    /lib/x86_64-linux-gnu/libnss_files-2.27.so
7f9b2de94000-7f9b2de95000 rw-p 0000b000 08:01 2233452                    /lib/x86_64-linux-gnu/libnss_files-2.27.so
7f9b2de95000-7f9b2de9b000 rw-p 00000000 00:00 0 
7f9b2de9b000-7f9b2deb2000 r-xp 00000000 08:01 2233446                    /lib/x86_64-linux-gnu/libnsl-2.27.so
7f9b2deb2000-7f9b2e0b1000 ---p 00017000 08:01 2233446                    /lib/x86_64-linux-gnu/libnsl-2.27.so
7f9b2e0b1000-7f9b2e0b2000 r--p 00016000 08:01 2233446                    /lib/x86_64-linux-gnu/libnsl-2.27.so
7f9b2e0b2000-7f9b2e0b3000 rw-p 00017000 08:01 2233446                    /lib/x86_64-linux-gnu/libnsl-2.27.so
7f9b2e0b3000-7f9b2e0b5000 rw-p 00000000 00:00 0 
7f9b2e0b5000-7f9b2e0c0000 r-xp 00000000 08:01 2233463                    /lib/x86_64-linux-gnu/libnss_nis-2.27.so
7f9b2e0c0000-7f9b2e2bf000 ---p 0000b000 08:01 2233463                    /lib/x86_64-linux-gnu/libnss_nis-2.27.so
7f9b2e2bf000-7f9b2e2c0000 r--p 0000a000 08:01 2233463                    /lib/x86_64-linux-gnu/libnss_nis-2.27.so
7f9b2e2c0000-7f9b2e2c1000 rw-p 0000b000 08:01 2233463                    /lib/x86_64-linux-gnu/libnss_nis-2.27.so
7f9b2e2c1000-7f9b2e2c9000 r-xp 00000000 08:01 2233448                    /lib/x86_64-linux-gnu/libnss_compat-2.27.so
7f9b2e2c9000-7f9b2e4c9000 ---p 00008000 08:01 2233448                    /lib/x86_64-linux-gnu/libnss_compat-2.27.so
7f9b2e4c9000-7f9b2e4ca000 r--p 00008000 08:01 2233448                    /lib/x86_64-linux-gnu/libnss_compat-2.27.so
7f9b2e4ca000-7f9b2e4cb000 rw-p 00009000 08:01 2233448                    /lib/x86_64-linux-gnu/libnss_compat-2.27.so
7f9b2e4cb000-7f9b2e4d5000 r-xp 00000000 08:01 4072614                    /usr/lib/jvm/java-11-openjdk-amd64/lib/libinstrument.so
7f9b2e4d5000-7f9b2e6d4000 ---p 0000a000 08:01 4072614                    /usr/lib/jvm/java-11-openjdk-amd64/lib/libinstrument.so
7f9b2e6d4000-7f9b2e6d5000 r--p 00009000 08:01 4072614                    /usr/lib/jvm/java-11-openjdk-amd64/lib/libinstrument.so
7f9b2e6d5000-7f9b2e6d6000 rw-p 0000a000 08:01 4072614                    /usr/lib/jvm/java-11-openjdk-amd64/lib/libinstrument.so
7f9b2e6d6000-7f9b2e711000 r-xp 00000000 08:01 4072633                    /usr/lib/jvm/java-11-openjdk-amd64/lib/libjdwp.so
7f9b2e711000-7f9b2e910000 ---p 0003b000 08:01 4072633                    /usr/lib/jvm/java-11-openjdk-amd64/lib/libjdwp.so
7f9b2e910000-7f9b2e911000 r--p 0003a000 08:01 4072633                    /usr/lib/jvm/java-11-openjdk-amd64/lib/libjdwp.so
7f9b2e911000-7f9b2e912000 rw-p 0003b000 08:01 4072633                    /usr/lib/jvm/java-11-openjdk-amd64/lib/libjdwp.so
7f9b2e912000-7f9b2e93b000 r-xp 00000000 08:01 4072629                    /usr/lib/jvm/java-11-openjdk-amd64/lib/libjava.so
7f9b2e93b000-7f9b2eb3a000 ---p 00029000 08:01 4072629                    /usr/lib/jvm/java-11-openjdk-amd64/lib/libjava.so
7f9b2eb3a000-7f9b2eb3b000 r--p 00028000 08:01 4072629                    /usr/lib/jvm/java-11-openjdk-amd64/lib/libjava.so
7f9b2eb3b000-7f9b2eb3d000 rw-p 00029000 08:01 4072629                    /usr/lib/jvm/java-11-openjdk-amd64/lib/libjava.so
7f9b2eb3d000-7f9b2eb4a000 r-xp 00000000 08:01 4072712                    /usr/lib/jvm/java-11-openjdk-amd64/lib/libverify.so
7f9b2eb4a000-7f9b2ed49000 ---p 0000d000 08:01 4072712                    /usr/lib/jvm/java-11-openjdk-amd64/lib/libverify.so
7f9b2ed49000-7f9b2ed4b000 r--p 0000c000 08:01 4072712                    /usr/lib/jvm/java-11-openjdk-amd64/lib/libverify.so
7f9b2ed4b000-7f9b2ed4c000 rw-p 0000e000 08:01 4072712                    /usr/lib/jvm/java-11-openjdk-amd64/lib/libverify.so
7f9b2ed4c000-7f9b2ed53000 r-xp 00000000 08:01 2233503                    /lib/x86_64-linux-gnu/librt-2.27.so
7f9b2ed53000-7f9b2ef52000 ---p 00007000 08:01 2233503                    /lib/x86_64-linux-gnu/librt-2.27.so
7f9b2ef52000-7f9b2ef53000 r--p 00006000 08:01 2233503                    /lib/x86_64-linux-gnu/librt-2.27.so
7f9b2ef53000-7f9b2ef54000 rw-p 00007000 08:01 2233503                    /lib/x86_64-linux-gnu/librt-2.27.so
7f9b2ef54000-7f9b2ef6b000 r-xp 00000000 08:01 2233399                    /lib/x86_64-linux-gnu/libgcc_s.so.1
7f9b2ef6b000-7f9b2f16a000 ---p 00017000 08:01 2233399                    /lib/x86_64-linux-gnu/libgcc_s.so.1
7f9b2f16a000-7f9b2f16b000 r--p 00016000 08:01 2233399                    /lib/x86_64-linux-gnu/libgcc_s.so.1
7f9b2f16b000-7f9b2f16c000 rw-p 00017000 08:01 2233399                    /lib/x86_64-linux-gnu/libgcc_s.so.1
7f9b2f16c000-7f9b2f309000 r-xp 00000000 08:01 2233425                    /lib/x86_64-linux-gnu/libm-2.27.so
7f9b2f309000-7f9b2f508000 ---p 0019d000 08:01 2233425                    /lib/x86_64-linux-gnu/libm-2.27.so
7f9b2f508000-7f9b2f509000 r--p 0019c000 08:01 2233425                    /lib/x86_64-linux-gnu/libm-2.27.so
7f9b2f509000-7f9b2f50a000 rw-p 0019d000 08:01 2233425                    /lib/x86_64-linux-gnu/libm-2.27.so
7f9b2f50a000-7f9b2f683000 r-xp 00000000 08:01 4072319                    /usr/lib/x86_64-linux-gnu/libstdc++.so.6.0.25
7f9b2f683000-7f9b2f883000 ---p 00179000 08:01 4072319                    /usr/lib/x86_64-linux-gnu/libstdc++.so.6.0.25
7f9b2f883000-7f9b2f88d000 r--p 00179000 08:01 4072319                    /usr/lib/x86_64-linux-gnu/libstdc++.so.6.0.25
7f9b2f88d000-7f9b2f88f000 rw-p 00183000 08:01 4072319                    /usr/lib/x86_64-linux-gnu/libstdc++.so.6.0.25
7f9b2f88f000-7f9b2f893000 rw-p 00000000 00:00 0 
7f9b2f893000-7f9b3095f000 r-xp 00000000 08:01 4072809                    /usr/lib/jvm/java-11-openjdk-amd64/lib/server/libjvm.so
7f9b3095f000-7f9b30b5e000 ---p 010cc000 08:01 4072809                    /usr/lib/jvm/java-11-openjdk-amd64/lib/server/libjvm.so
7f9b30b5e000-7f9b30c1b000 r--p 010cb000 08:01 4072809                    /usr/lib/jvm/java-11-openjdk-amd64/lib/server/libjvm.so
7f9b30c1b000-7f9b30c54000 rw-p 01188000 08:01 4072809                    /usr/lib/jvm/java-11-openjdk-amd64/lib/server/libjvm.so
7f9b30c54000-7f9b30caa000 rw-p 00000000 00:00 0 
7f9b30caa000-7f9b30cc4000 r-xp 00000000 08:01 2233495                    /lib/x86_64-linux-gnu/libpthread-2.27.so
7f9b30cc4000-7f9b30ec3000 ---p 0001a000 08:01 2233495                    /lib/x86_64-linux-gnu/libpthread-2.27.so
7f9b30ec3000-7f9b30ec4000 r--p 00019000 08:01 2233495                    /lib/x86_64-linux-gnu/libpthread-2.27.so
7f9b30ec4000-7f9b30ec5000 rw-p 0001a000 08:01 2233495                    /lib/x86_64-linux-gnu/libpthread-2.27.so
7f9b30ec5000-7f9b30ec9000 rw-p 00000000 00:00 0 
7f9b30ec9000-7f9b30ecc000 r-xp 00000000 08:01 2233385                    /lib/x86_64-linux-gnu/libdl-2.27.so
7f9b30ecc000-7f9b310cb000 ---p 00003000 08:01 2233385                    /lib/x86_64-linux-gnu/libdl-2.27.so
7f9b310cb000-7f9b310cc000 r--p 00002000 08:01 2233385                    /lib/x86_64-linux-gnu/libdl-2.27.so
7f9b310cc000-7f9b310cd000 rw-p 00003000 08:01 2233385                    /lib/x86_64-linux-gnu/libdl-2.27.so
7f9b310cd000-7f9b310e9000 r-xp 00000000 08:01 2233534                    /lib/x86_64-linux-gnu/libz.so.1.2.11
7f9b310e9000-7f9b312e8000 ---p 0001c000 08:01 2233534                    /lib/x86_64-linux-gnu/libz.so.1.2.11
7f9b312e8000-7f9b312e9000 r--p 0001b000 08:01 2233534                    /lib/x86_64-linux-gnu/libz.so.1.2.11
7f9b312e9000-7f9b312ea000 rw-p 0001c000 08:01 2233534                    /lib/x86_64-linux-gnu/libz.so.1.2.11
7f9b312ea000-7f9b314d1000 r-xp 00000000 08:01 2233362                    /lib/x86_64-linux-gnu/libc-2.27.so
7f9b314d1000-7f9b316d1000 ---p 001e7000 08:01 2233362                    /lib/x86_64-linux-gnu/libc-2.27.so
7f9b316d1000-7f9b316d5000 r--p 001e7000 08:01 2233362                    /lib/x86_64-linux-gnu/libc-2.27.so
7f9b316d5000-7f9b316d7000 rw-p 001eb000 08:01 2233362                    /lib/x86_64-linux-gnu/libc-2.27.so
7f9b316d7000-7f9b316db000 rw-p 00000000 00:00 0 
7f9b316db000-7f9b316eb000 r-xp 00000000 08:01 4072366                    /usr/lib/jvm/java-11-openjdk-amd64/lib/jli/libjli.so
7f9b316eb000-7f9b318ea000 ---p 00010000 08:01 4072366                    /usr/lib/jvm/java-11-openjdk-amd64/lib/jli/libjli.so
7f9b318ea000-7f9b318eb000 r--p 0000f000 08:01 4072366                    /usr/lib/jvm/java-11-openjdk-amd64/lib/jli/libjli.so
7f9b318eb000-7f9b318ec000 rw-p 00010000 08:01 4072366                    /usr/lib/jvm/java-11-openjdk-amd64/lib/jli/libjli.so
7f9b318ec000-7f9b31913000 r-xp 00000000 08:01 2233334                    /lib/x86_64-linux-gnu/ld-2.27.so
7f9b31972000-7f9b319f2000 rw-p 00000000 00:00 0 
7f9b319f2000-7f9b319f9000 ---p 00000000 00:00 0 
7f9b319f9000-7f9b319fd000 ---p 00000000 00:00 0 
7f9b319fd000-7f9b31afc000 rw-p 00000000 00:00 0 
7f9b31afe000-7f9b31b05000 r--s 00000000 08:01 4327977                    /usr/lib/x86_64-linux-gnu/gconv/gconv-modules.cache
7f9b31b05000-7f9b31b07000 r--s 00007000 08:01 4466060                    /usr/share/java/java-atk-wrapper.jar
7f9b31b07000-7f9b31b0f000 rw-s 00000000 08:01 2883613                    /tmp/hsperfdata_usuario/15838
7f9b31b0f000-7f9b31b10000 ---p 00000000 00:00 0 
7f9b31b10000-7f9b31b11000 r--p 00000000 00:00 0 
7f9b31b11000-7f9b31b13000 rw-p 00000000 00:00 0 
7f9b31b13000-7f9b31b14000 r--p 00027000 08:01 2233334                    /lib/x86_64-linux-gnu/ld-2.27.so
7f9b31b14000-7f9b31b15000 rw-p 00028000 08:01 2233334                    /lib/x86_64-linux-gnu/ld-2.27.so
7f9b31b15000-7f9b31b16000 rw-p 00000000 00:00 0 
7ffe820d8000-7ffe820f9000 rw-p 00000000 00:00 0                          [stack]
7ffe82148000-7ffe8214b000 r--p 00000000 00:00 0                          [vvar]
7ffe8214b000-7ffe8214c000 r-xp 00000000 00:00 0                          [vdso]
ffffffffff600000-ffffffffff601000 r-xp 00000000 00:00 0                  [vsyscall]


VM Arguments:
jvm_args: -agentlib:jdwp=transport=dt_socket,suspend=y,address=localhost:43991 -javaagent:/home/usuario/.eclipse/360744294_linux_gtk_x86_64/configuration/org.eclipse.osgi/219/0/.cp/lib/javaagent-shaded.jar -Dfile.encoding=UTF-8 
java_command: main.main_Empleado
java_class_path (initial): /home/usuario/Git/Programacion/I.E. 2.1. (Boletín 2)/bin
Launcher Type: SUN_STANDARD

[Global flags]
     intx CICompilerCount                          = 3                                         {product} {ergonomic}
     uint ConcGCThreads                            = 1                                         {product} {ergonomic}
     uint G1ConcRefinementThreads                  = 4                                         {product} {ergonomic}
   size_t G1HeapRegionSize                         = 1048576                                   {product} {ergonomic}
    uintx GCDrainStackTargetSize                   = 64                                        {product} {ergonomic}
   size_t InitialHeapSize                          = 62914560                                  {product} {ergonomic}
   size_t MarkStackSize                            = 4194304                                   {product} {ergonomic}
   size_t MaxHeapSize                              = 1006632960                                {product} {ergonomic}
   size_t MaxNewSize                               = 603979776                                 {product} {ergonomic}
   size_t MinHeapDeltaBytes                        = 1048576                                   {product} {ergonomic}
    uintx NonNMethodCodeHeapSize                   = 5830092                                {pd product} {ergonomic}
    uintx NonProfiledCodeHeapSize                  = 122914074                              {pd product} {ergonomic}
    uintx ProfiledCodeHeapSize                     = 122914074                              {pd product} {ergonomic}
    uintx ReservedCodeCacheSize                    = 251658240                              {pd product} {ergonomic}
     bool SegmentedCodeCache                       = true                                      {product} {ergonomic}
     bool UseCompressedClassPointers               = true                                 {lp64_product} {ergonomic}
     bool UseCompressedOops                        = true                                 {lp64_product} {ergonomic}
     bool UseG1GC                                  = true                                      {product} {ergonomic}

Logging:
Log output configuration:
 #0: stdout all=warning uptime,level,tags
 #1: stderr all=off uptime,level,tags

Environment Variables:
PATH=/usr/local/sbin:/usr/local/bin:/usr/sbin:/usr/bin:/sbin:/bin:/usr/games:/usr/local/games:/snap/bin
USERNAME=usuario
SHELL=/bin/bash
DISPLAY=:0.0

Signal Handlers:
SIGSEGV: [libjvm.so+0xde5f50], sa_mask[0]=11111111011111111101111111111110, sa_flags=SA_RESTART|SA_SIGINFO
SIGBUS: [libjvm.so+0xde5f50], sa_mask[0]=11111111011111111101111111111110, sa_flags=SA_RESTART|SA_SIGINFO
SIGFPE: [libjvm.so+0xde5f50], sa_mask[0]=11111111011111111101111111111110, sa_flags=SA_RESTART|SA_SIGINFO
SIGPIPE: [libjvm.so+0xbba5b0], sa_mask[0]=11111111011111111101111111111110, sa_flags=SA_RESTART|SA_SIGINFO
SIGXFSZ: [libjvm.so+0xbba5b0], sa_mask[0]=11111111011111111101111111111110, sa_flags=SA_RESTART|SA_SIGINFO
SIGILL: [libjvm.so+0xde5f50], sa_mask[0]=11111111011111111101111111111110, sa_flags=SA_RESTART|SA_SIGINFO
SIGUSR2: [libjvm.so+0xbba450], sa_mask[0]=00100000000000000000000000000000, sa_flags=SA_RESTART|SA_SIGINFO
SIGHUP: [libjvm.so+0xbba7b0], sa_mask[0]=11111111011111111101111111111110, sa_flags=SA_RESTART|SA_SIGINFO
SIGINT: [libjvm.so+0xbba7b0], sa_mask[0]=11111111011111111101111111111110, sa_flags=SA_RESTART|SA_SIGINFO
SIGTERM: [libjvm.so+0xbba7b0], sa_mask[0]=11111111011111111101111111111110, sa_flags=SA_RESTART|SA_SIGINFO
SIGQUIT: [libjvm.so+0xbba7b0], sa_mask[0]=11111111011111111101111111111110, sa_flags=SA_RESTART|SA_SIGINFO


---------------  S Y S T E M  ---------------

OS:DISTRIB_ID=Ubuntu
DISTRIB_RELEASE=18.04
DISTRIB_CODENAME=bionic
DISTRIB_DESCRIPTION="Ubuntu 18.04.3 LTS"
uname:Linux 5.0.0-32-generic #34~18.04.2-Ubuntu SMP Thu Oct 10 10:36:02 UTC 2019 x86_64
libc:glibc 2.27 NPTL 2.27 
rlimit: STACK 8192k, CORE 0k, NPROC 15157, NOFILE 1048576, AS infinity, DATA infinity, FSIZE infinity
load average:0,43 0,44 0,47

/proc/meminfo:
MemTotal:        3928020 kB
MemFree:          127064 kB
MemAvailable:     994884 kB
Buffers:          157364 kB
Cached:          1065300 kB
SwapCached:          768 kB
Active:          2689956 kB
Inactive:         772900 kB
Active(anon):    1975696 kB
Inactive(anon):   463964 kB
Active(file):     714260 kB
Inactive(file):   308936 kB
Unevictable:       59748 kB
Mlocked:             128 kB
SwapTotal:       2097148 kB
SwapFree:        2091516 kB
Dirty:                64 kB
Writeback:             0 kB
AnonPages:       2299336 kB
Mapped:           467164 kB
Shmem:            199248 kB
KReclaimable:      98748 kB
Slab:             144692 kB
SReclaimable:      98748 kB
SUnreclaim:        45944 kB
KernelStack:       12720 kB
PageTables:        38500 kB
NFS_Unstable:          0 kB
Bounce:                0 kB
WritebackTmp:          0 kB
CommitLimit:     4061156 kB
Committed_AS:    5567204 kB
VmallocTotal:   34359738367 kB
VmallocUsed:           0 kB
VmallocChunk:          0 kB
Percpu:             1232 kB
HardwareCorrupted:     0 kB
AnonHugePages:         0 kB
ShmemHugePages:        0 kB
ShmemPmdMapped:        0 kB
CmaTotal:              0 kB
CmaFree:               0 kB
HugePages_Total:       0
HugePages_Free:        0
HugePages_Rsvd:        0
HugePages_Surp:        0
Hugepagesize:       2048 kB
Hugetlb:               0 kB
DirectMap4k:      186244 kB
DirectMap2M:     3899392 kB


/proc/sys/kernel/threads-max (system-wide limit on the number of threads):
30314


/proc/sys/vm/max_map_count (maximum number of memory map areas a process may have):
65530


/proc/sys/kernel/pid_max (system-wide limit on number of process identifiers):
32768



container (cgroup) information:
container_type: cgroupv1
cpu_cpuset_cpus: 0-3
cpu_memory_nodes: 0
active_processor_count: 4
cpu_quota: -1
cpu_period: 100000
cpu_shares: -1
memory_limit_in_bytes: -1
memory_and_swap_limit_in_bytes: -2
memory_soft_limit_in_bytes: -1
memory_usage_in_bytes: 3607244800
memory_max_usage_in_bytes: 46546944

Steal ticks since vm start: 0
Steal ticks percentage since vm start:  0,000

CPU:total 4 (initial active 4) (4 cores per cpu, 1 threads per core) family 6 model 55 stepping 8, cmov, cx8, fxsr, mmx, sse, sse2, sse3, ssse3, sse4.1, sse4.2, popcnt, clmul, erms, 3dnowpref, tsc, tscinvbit
CPU Model and flags from /proc/cpuinfo:
model name	: Intel(R) Celeron(R) CPU  J1900  @ 1.99GHz
flags		: fpu vme de pse tsc msr pae mce cx8 apic sep mtrr pge mca cmov pat pse36 clflush dts acpi mmx fxsr sse sse2 ss ht tm pbe syscall nx rdtscp lm constant_tsc arch_perfmon pebs bts rep_good nopl xtopology tsc_reliable nonstop_tsc cpuid aperfmperf tsc_known_freq pni pclmulqdq dtes64 monitor ds_cpl vmx est tm2 ssse3 cx16 xtpr pdcm sse4_1 sse4_2 movbe popcnt tsc_deadline_timer rdrand lahf_lm 3dnowprefetch epb pti ibrs ibpb stibp tpr_shadow vnmi flexpriority ept vpid tsc_adjust smep erms dtherm ida arat md_clear

Memory: 4k page, physical 3928020k(127064k free), swap 2097148k(2091516k free)

vm_info: OpenJDK 64-Bit Server VM (11.0.4+11-post-Ubuntu-1ubuntu218.04.3) for linux-amd64 JRE (11.0.4+11-post-Ubuntu-1ubuntu218.04.3), built on Jul 18 2019 18:21:46 by "buildd" with gcc 7.4.0

END.
